#
# There is insufficient memory for the Java Runtime Environment to continue.
# Native memory allocation (malloc) failed to allocate 1533136 bytes for Chunk::new
# Possible reasons:
#   The system is out of physical RAM or swap space
#   In 32 bit mode, the process size limit was hit
# Possible solutions:
#   Reduce memory load on the system
#   Increase physical memory or swap space
#   Check if swap backing store is full
#   Use 64 bit Java on a 64 bit OS
#   Decrease Java heap size (-Xmx/-Xms)
#   Decrease number of Java threads
#   Decrease Java thread stack sizes (-Xss)
#   Set larger code cache with -XX:ReservedCodeCacheSize=
# This output file may be truncated or incomplete.
#
#  Out of Memory Error (allocation.cpp:390), pid=7208, tid=0x00000000000049ac
#
# JRE version: OpenJDK Runtime Environment (8.0_152-b02) (build 1.8.0_152-release-1024-b02)
# Java VM: OpenJDK 64-Bit Server VM (25.152-b02 mixed mode windows-amd64 compressed oops)
# Failed to write core dump. Minidumps are not enabled by default on client versions of Windows
#

---------------  T H R E A D  ---------------

Current thread (0x000000001a0e2800):  JavaThread "C2 CompilerThread2" daemon [_thread_in_native, id=18860, stack(0x000000001aab0000,0x000000001abb0000)]

Stack: [0x000000001aab0000,0x000000001abb0000]
[error occurred during error reporting (printing stack bounds), id 0xc0000005]

Native frames: (J=compiled Java code, j=interpreted, Vv=VM code, C=native code)


Current CompileTask:
C2:9329372 29371       4       com.android.tools.r8.graph.ProgramClassVisitor::accept (47 bytes)


---------------  P R O C E S S  ---------------

Java Threads: ( => current thread )
  0x0000000021089000 JavaThread "stdout" daemon [_thread_in_native, id=4244, stack(0x000000004ba80000,0x000000004bb80000)]
  0x000000002a1c5000 JavaThread "stderr" daemon [_thread_in_native, id=13188, stack(0x000000004b980000,0x000000004ba80000)]
  0x000000002a1c8000 JavaThread "stdout" daemon [_thread_in_native, id=16376, stack(0x000000004b880000,0x000000004b980000)]
  0x000000002a1c8800 JavaThread "stderr" daemon [_thread_in_native, id=4548, stack(0x000000004b780000,0x000000004b880000)]
  0x000000002a1c5800 JavaThread "stdout" daemon [_thread_in_native, id=16040, stack(0x000000004b480000,0x000000004b580000)]
  0x0000000025b09800 JavaThread "stderr" daemon [_thread_in_native, id=19256, stack(0x000000004b380000,0x000000004b480000)]
  0x0000000025b07000 JavaThread "stdout" daemon [_thread_in_native, id=18616, stack(0x000000004b280000,0x000000004b380000)]
  0x0000000025afe800 JavaThread "stderr" daemon [_thread_in_native, id=15068, stack(0x000000004b180000,0x000000004b280000)]
  0x0000000025b03800 JavaThread "stdout" daemon [_thread_in_native, id=14764, stack(0x000000004b080000,0x000000004b180000)]
  0x0000000025b05800 JavaThread "stderr" daemon [_thread_in_native, id=18548, stack(0x000000004af80000,0x000000004b080000)]
  0x0000000025b02800 JavaThread "stdout" daemon [_thread_in_native, id=13520, stack(0x000000004ae80000,0x000000004af80000)]
  0x0000000025b04000 JavaThread "stderr" daemon [_thread_in_native, id=14720, stack(0x000000004ad80000,0x000000004ae80000)]
  0x0000000025b01800 JavaThread "queued-resource-processor_328" daemon [_thread_blocked, id=12252, stack(0x000000004ac80000,0x000000004ad80000)]
  0x0000000025afe000 JavaThread "queued-resource-processor_327" daemon [_thread_blocked, id=15108, stack(0x000000004ab80000,0x000000004ac80000)]
  0x0000000025afb800 JavaThread "queued-resource-processor_326" daemon [_thread_blocked, id=15276, stack(0x000000004aa80000,0x000000004ab80000)]
  0x0000000025afc800 JavaThread "queued-resource-processor_325" daemon [_thread_blocked, id=17708, stack(0x000000004a980000,0x000000004aa80000)]
  0x0000000025aff800 JavaThread "queued-resource-processor_324" daemon [_thread_blocked, id=13364, stack(0x000000004a880000,0x000000004a980000)]
  0x000000001e5c3000 JavaThread "queued-resource-processor_323" daemon [_thread_blocked, id=14892, stack(0x000000004a780000,0x000000004a880000)]
  0x000000001e5c2800 JavaThread "queued-resource-processor_322" daemon [_thread_blocked, id=4272, stack(0x000000004a680000,0x000000004a780000)]
  0x000000001e5c1000 JavaThread "queued-resource-processor_321" daemon [_thread_blocked, id=18164, stack(0x000000004a580000,0x000000004a680000)]
  0x000000001e5c4000 JavaThread "ForkJoinPool.commonPool-worker-1" daemon [_thread_blocked, id=18820, stack(0x000000004a480000,0x000000004a580000)]
  0x000000001e5c5000 JavaThread "ForkJoinPool.commonPool-worker-8" daemon [_thread_blocked, id=15100, stack(0x000000004a380000,0x000000004a480000)]
  0x000000001e5b9800 JavaThread "ForkJoinPool.commonPool-worker-15" daemon [_thread_blocked, id=18612, stack(0x000000004a280000,0x000000004a380000)]
  0x000000001e5bf800 JavaThread "ForkJoinPool.commonPool-worker-22" daemon [_thread_blocked, id=1648, stack(0x000000004a180000,0x000000004a280000)]
  0x000000001e5bc800 JavaThread "ForkJoinPool.commonPool-worker-29" daemon [_thread_blocked, id=7664, stack(0x000000004a080000,0x000000004a180000)]
  0x000000001e5b8800 JavaThread "ForkJoinPool.commonPool-worker-4" daemon [_thread_blocked, id=14148, stack(0x0000000049f80000,0x000000004a080000)]
  0x000000001e2e1000 JavaThread "ForkJoinPool.commonPool-worker-11" daemon [_thread_blocked, id=11904, stack(0x0000000048480000,0x0000000048580000)]
  0x000000001e2dc800 JavaThread "Cache worker for Java compile cache (C:\Users\Ammar Hasan\OneDrive\Stage 3 Uni\mobile-project-code\Budgeter\.gradle\4.4\javaCompile)" [_thread_blocked, id=572, stack(0x0000000048380000,0x0000000048480000)]
  0x0000000021081000 JavaThread "Task worker for ':' Thread 7" [_thread_blocked, id=17540, stack(0x0000000045080000,0x0000000045180000)]
  0x0000000021087800 JavaThread "Task worker for ':' Thread 6" [_thread_blocked, id=18724, stack(0x0000000044f80000,0x0000000045080000)]
  0x0000000021080000 JavaThread "Task worker for ':' Thread 5" [_thread_blocked, id=1488, stack(0x0000000044e80000,0x0000000044f80000)]
  0x000000002107f800 JavaThread "Task worker for ':' Thread 4" [_thread_blocked, id=1692, stack(0x0000000044d80000,0x0000000044e80000)]
  0x0000000021086000 JavaThread "Task worker for ':' Thread 3" [_thread_blocked, id=4532, stack(0x0000000044c80000,0x0000000044d80000)]
  0x0000000021085800 JavaThread "Task worker for ':' Thread 2" [_thread_blocked, id=11648, stack(0x0000000044b80000,0x0000000044c80000)]
  0x000000002107e800 JavaThread "Task worker for ':'" [_thread_blocked, id=12200, stack(0x0000000044a80000,0x0000000044b80000)]
  0x0000000021083000 JavaThread "Cache worker for Build Output Cleanup Cache (C:\Users\Ammar Hasan\OneDrive\Stage 3 Uni\mobile-project-code\Budgeter\.gradle\buildOutputCleanup)" [_thread_blocked, id=14940, stack(0x0000000044980000,0x0000000044a80000)]
  0x0000000021081800 JavaThread "Cache worker for task history cache (C:\Users\Ammar Hasan\OneDrive\Stage 3 Uni\mobile-project-code\Budgeter\.gradle\4.4\taskHistory)" [_thread_blocked, id=17436, stack(0x0000000044880000,0x0000000044980000)]
  0x0000000028341800 JavaThread "Cache worker for file content cache (C:\Users\Ammar Hasan\OneDrive\Stage 3 Uni\mobile-project-code\Budgeter\.gradle\4.4\fileContent)" [_thread_blocked, id=15188, stack(0x0000000044780000,0x0000000044880000)]
  0x000000002833c000 JavaThread "build operations Thread 8" [_thread_blocked, id=5952, stack(0x0000000044680000,0x0000000044780000)]
  0x000000002833b800 JavaThread "build operations Thread 7" [_thread_blocked, id=9872, stack(0x0000000044580000,0x0000000044680000)]
  0x000000002833a800 JavaThread "build operations Thread 6" [_thread_blocked, id=15748, stack(0x0000000044480000,0x0000000044580000)]
  0x000000002833d000 JavaThread "build operations Thread 5" [_thread_blocked, id=88, stack(0x0000000044380000,0x0000000044480000)]
  0x0000000028340000 JavaThread "build operations Thread 4" [_thread_blocked, id=10196, stack(0x0000000044280000,0x0000000044380000)]
  0x000000002833d800 JavaThread "build operations Thread 3" [_thread_blocked, id=8408, stack(0x0000000044180000,0x0000000044280000)]
  0x000000002833f000 JavaThread "build operations Thread 2" [_thread_blocked, id=19140, stack(0x0000000044080000,0x0000000044180000)]
  0x0000000028333000 JavaThread "build operations" [_thread_blocked, id=14836, stack(0x0000000043f80000,0x0000000044080000)]
  0x0000000028334800 JavaThread "Cache worker for Artifact transforms cache (C:\Users\Ammar Hasan\.gradle\caches\transforms-1)" [_thread_blocked, id=18908, stack(0x0000000043e80000,0x0000000043f80000)]
  0x0000000028334000 JavaThread "Cache worker for file hash cache (C:\Users\Ammar Hasan\OneDrive\Stage 3 Uni\mobile-project-code\Budgeter\.gradle\4.4\fileHashes)" [_thread_blocked, id=15744, stack(0x0000000043d80000,0x0000000043e80000)]
  0x0000000028339000 JavaThread "Stdin handler" [_thread_blocked, id=6832, stack(0x0000000043c80000,0x0000000043d80000)]
  0x0000000028335800 JavaThread "Asynchronous log dispatcher for DefaultDaemonConnection: socket connection from /127.0.0.1:51467 to /127.0.0.1:55169" [_thread_blocked, id=17696, stack(0x0000000043b80000,0x0000000043c80000)]
  0x0000000028338800 JavaThread "Daemon worker Thread 18" [_thread_blocked, id=8740, stack(0x0000000043a80000,0x0000000043b80000)]
  0x0000000028337800 JavaThread "Cancel handler" [_thread_blocked, id=18888, stack(0x0000000043980000,0x0000000043a80000)]
  0x0000000028337000 JavaThread "Handler for socket connection from /127.0.0.1:51467 to /127.0.0.1:55169" [_thread_in_native, id=14068, stack(0x0000000043880000,0x0000000043980000)]
  0x000000002833a000 JavaThread "Daemon Thread 18" [_thread_blocked, id=17944, stack(0x0000000043780000,0x0000000043880000)]
  0x000000001e5bd000 JavaThread "pool-34-thread-1" [_thread_blocked, id=9544, stack(0x0000000041c80000,0x0000000041d80000)]
  0x000000001e5c5800 JavaThread "pool-33-thread-1" [_thread_blocked, id=16164, stack(0x0000000040b80000,0x0000000040c80000)]
  0x0000000025b00000 JavaThread "Java2D Disposer" daemon [_thread_blocked, id=18448, stack(0x0000000030680000,0x0000000030780000)]
  0x000000001e2e3800 JavaThread "Memory manager" [_thread_blocked, id=3868, stack(0x0000000023db0000,0x0000000023eb0000)]
  0x000000001e2dc000 JavaThread "pool-1-thread-1" [_thread_blocked, id=17736, stack(0x0000000023ab0000,0x0000000023bb0000)]
  0x000000001c367800 JavaThread "File lock request listener" [_thread_in_native, id=10512, stack(0x000000001edb0000,0x000000001eeb0000)]
  0x000000001a37f800 JavaThread "Cache worker for file hash cache (C:\Users\Ammar Hasan\.gradle\caches\4.4\fileHashes)" [_thread_blocked, id=15732, stack(0x000000001ecb0000,0x000000001edb0000)]
  0x000000001a409000 JavaThread "Daemon periodic checks" [_thread_blocked, id=15364, stack(0x000000001d0e0000,0x000000001d1e0000)]
  0x000000001c2b1000 JavaThread "Incoming local TCP Connector on port 51467" [_thread_in_native, id=13416, stack(0x000000001cc00000,0x000000001cd00000)]
  0x000000001a16a000 JavaThread "Service Thread" daemon [_thread_blocked, id=13180, stack(0x000000001acb0000,0x000000001adb0000)]
  0x00000000181ea800 JavaThread "C1 CompilerThread3" daemon [_thread_blocked, id=8992, stack(0x000000001abb0000,0x000000001acb0000)]
=>0x000000001a0e2800 JavaThread "C2 CompilerThread2" daemon [_thread_in_native, id=18860, stack(0x000000001aab0000,0x000000001abb0000)]
  0x000000001a0e0800 JavaThread "C2 CompilerThread1" daemon [_thread_in_native, id=12872, stack(0x000000001a9b0000,0x000000001aab0000)]
  0x000000001a0de000 JavaThread "C2 CompilerThread0" daemon [_thread_blocked, id=18528, stack(0x000000001a8b0000,0x000000001a9b0000)]
  0x000000001a0dc800 JavaThread "Attach Listener" daemon [_thread_blocked, id=12936, stack(0x000000001a7b0000,0x000000001a8b0000)]
  0x000000001a0d9800 JavaThread "Signal Dispatcher" daemon [_thread_blocked, id=12280, stack(0x000000001a6b0000,0x000000001a7b0000)]
  0x000000001a0d0800 JavaThread "Finalizer" daemon [_thread_blocked, id=1656, stack(0x000000001a4b0000,0x000000001a5b0000)]
  0x0000000004417000 JavaThread "Reference Handler" daemon [_thread_blocked, id=13964, stack(0x0000000019fb0000,0x000000001a0b0000)]
  0x000000000431e800 JavaThread "main" [_thread_blocked, id=15440, stack(0x00000000041c0000,0x00000000042c0000)]

Other Threads:
  0x00000000181d7000 VMThread [stack: 0x0000000019eb0000,0x0000000019fb0000] [id=8224]
  0x000000001a16a800 WatcherThread [stack: 0x000000001adb0000,0x000000001aeb0000] [id=17528]

VM state:not at safepoint (normal execution)

VM Mutex/Monitor currently owned by a thread: None

Heap:
 PSYoungGen      total 367616K, used 290605K [0x00000000e0000000, 0x00000000f9d00000, 0x0000000100000000)
  eden space 354304K, 78% used [0x00000000e0000000,0x00000000f111f930,0x00000000f5a00000)
  from space 13312K, 82% used [0x00000000f9000000,0x00000000f9aabe80,0x00000000f9d00000)
  to   space 34304K, 0% used [0x00000000f5a00000,0x00000000f5a00000,0x00000000f7b80000)
 ParOldGen       total 217088K, used 157688K [0x00000000a0000000, 0x00000000ad400000, 0x00000000e0000000)
  object space 217088K, 72% used [0x00000000a0000000,0x00000000a99fe368,0x00000000ad400000)
 Metaspace       used 127085K, capacity 135974K, committed 136192K, reserved 1167360K
  class space    used 16056K, capacity 17804K, committed 17920K, reserved 1048576K

Card table byte_map: [0x00000000137e0000,0x0000000013af0000] byte_map_base: 0x00000000132e0000

Marking Bits: (ParMarkBitMap*) 0x0000000071414970
 Begin Bits: [0x00000000144f0000, 0x0000000015cf0000)
 End Bits:   [0x0000000015cf0000, 0x00000000174f0000)

Polling page: 0x00000000042c0000

CodeCache: size=245760Kb used=81752Kb max_used=81757Kb free=164007Kb
 bounds [0x0000000004420000, 0x0000000009490000, 0x0000000013420000]
 total_blobs=23282 nmethods=22303 adapters=890
 compilation: enabled

Compilation events (10 events):
Event: 9328.391 Thread 0x00000000181ea800 29384       3       com.android.build.gradle.internal.pipeline.SubStream$SubStreamAdapter::<init> (5 bytes)
Event: 9328.396 Thread 0x00000000181ea800 nmethod 29384 0x0000000005f1ca10 code [0x0000000005f1cb80, 0x0000000005f1cdf0]
Event: 9328.397 Thread 0x00000000181ea800 29385       3       com.android.build.gradle.internal.pipeline.SubStream$SubStreamAdapter::<init> (5 bytes)
Event: 9328.397 Thread 0x00000000181ea800 nmethod 29385 0x0000000006c888d0 code [0x0000000006c88a40, 0x0000000006c88c50]
Event: 9328.397 Thread 0x00000000181ea800 29386       3       com.android.build.gradle.internal.pipeline.IntermediateFolderUtils::updateLists (63 bytes)
Event: 9328.414 Thread 0x00000000181ea800 nmethod 29386 0x0000000005f18350 code [0x0000000005f18700, 0x0000000005f1a518]
Event: 9328.415 Thread 0x00000000181ea800 29387       3       com.android.build.api.transform.SecondaryFile::<init> (8 bytes)
Event: 9328.430 Thread 0x00000000181ea800 nmethod 29387 0x0000000006c85010 code [0x0000000006c85180, 0x0000000006c853d0]
Event: 9328.451 Thread 0x00000000181ea800 29388       1       com.android.ide.common.build.ApkData::getVersionName (5 bytes)
Event: 9328.451 Thread 0x00000000181ea800 nmethod 29388 0x0000000007bdbb50 code [0x0000000007bdbca0, 0x0000000007bdbdb0]

GC Heap History (10 events):
Event: 5495.370 GC heap before
{Heap before GC invocations=44 (full 4):
 PSYoungGen      total 474624K, used 440763K [0x00000000e0000000, 0x0000000100000000, 0x0000000100000000)
  eden space 431616K, 99% used [0x00000000e0000000,0x00000000fa4cdf98,0x00000000fa580000)
  from space 43008K, 22% used [0x00000000fa580000,0x00000000faf20ea8,0x00000000fcf80000)
  to   space 41472K, 0% used [0x00000000fd780000,0x00000000fd780000,0x0000000100000000)
 ParOldGen       total 217088K, used 157648K [0x00000000a0000000, 0x00000000ad400000, 0x00000000e0000000)
  object space 217088K, 72% used [0x00000000a0000000,0x00000000a99f4368,0x00000000ad400000)
 Metaspace       used 126439K, capacity 135076K, committed 135296K, reserved 1167360K
  class space    used 15995K, capacity 17699K, committed 17792K, reserved 1048576K
Event: 5495.542 GC heap after
Heap after GC invocations=44 (full 4):
 PSYoungGen      total 426496K, used 11174K [0x00000000e0000000, 0x00000000fe300000, 0x0000000100000000)
  eden space 414720K, 0% used [0x00000000e0000000,0x00000000e0000000,0x00000000f9500000)
  from space 11776K, 94% used [0x00000000fd780000,0x00000000fe269b18,0x00000000fe300000)
  to   space 39936K, 0% used [0x00000000f9500000,0x00000000f9500000,0x00000000fbc00000)
 ParOldGen       total 217088K, used 157656K [0x00000000a0000000, 0x00000000ad400000, 0x00000000e0000000)
  object space 217088K, 72% used [0x00000000a0000000,0x00000000a99f6368,0x00000000ad400000)
 Metaspace       used 126439K, capacity 135076K, committed 135296K, reserved 1167360K
  class space    used 15995K, capacity 17699K, committed 17792K, reserved 1048576K
}
Event: 5664.163 GC heap before
{Heap before GC invocations=45 (full 4):
 PSYoungGen      total 426496K, used 425894K [0x00000000e0000000, 0x00000000fe300000, 0x0000000100000000)
  eden space 414720K, 100% used [0x00000000e0000000,0x00000000f9500000,0x00000000f9500000)
  from space 11776K, 94% used [0x00000000fd780000,0x00000000fe269b18,0x00000000fe300000)
  to   space 39936K, 0% used [0x00000000f9500000,0x00000000f9500000,0x00000000fbc00000)
 ParOldGen       total 217088K, used 157656K [0x00000000a0000000, 0x00000000ad400000, 0x00000000e0000000)
  object space 217088K, 72% used [0x00000000a0000000,0x00000000a99f6368,0x00000000ad400000)
 Metaspace       used 126523K, capacity 135144K, committed 135296K, reserved 1167360K
  class space    used 15995K, capacity 17699K, committed 17792K, reserved 1048576K
Event: 5664.221 GC heap after
Heap after GC invocations=45 (full 4):
 PSYoungGen      total 407040K, used 8343K [0x00000000e0000000, 0x00000000fd800000, 0x0000000100000000)
  eden space 398336K, 0% used [0x00000000e0000000,0x00000000e0000000,0x00000000f8500000)
  from space 8704K, 95% used [0x00000000f9500000,0x00000000f9d25d90,0x00000000f9d80000)
  to   space 38400K, 0% used [0x00000000fb280000,0x00000000fb280000,0x00000000fd800000)
 ParOldGen       total 217088K, used 157664K [0x00000000a0000000, 0x00000000ad400000, 0x00000000e0000000)
  object space 217088K, 72% used [0x00000000a0000000,0x00000000a99f8368,0x00000000ad400000)
 Metaspace       used 126523K, capacity 135144K, committed 135296K, reserved 1167360K
  class space    used 15995K, capacity 17699K, committed 17792K, reserved 1048576K
}
Event: 5994.045 GC heap before
{Heap before GC invocations=46 (full 4):
 PSYoungGen      total 407040K, used 405840K [0x00000000e0000000, 0x00000000fd800000, 0x0000000100000000)
  eden space 398336K, 99% used [0x00000000e0000000,0x00000000f842e5b8,0x00000000f8500000)
  from space 8704K, 95% used [0x00000000f9500000,0x00000000f9d25d90,0x00000000f9d80000)
  to   space 38400K, 0% used [0x00000000fb280000,0x00000000fb280000,0x00000000fd800000)
 ParOldGen       total 217088K, used 157664K [0x00000000a0000000, 0x00000000ad400000, 0x00000000e0000000)
  object space 217088K, 72% used [0x00000000a0000000,0x00000000a99f8368,0x00000000ad400000)
 Metaspace       used 126915K, capacity 135848K, committed 136192K, reserved 1167360K
  class space    used 16051K, capacity 17795K, committed 17920K, reserved 1048576K
Event: 5994.112 GC heap after
Heap after GC invocations=46 (full 4):
 PSYoungGen      total 394752K, used 11283K [0x00000000e0000000, 0x00000000fbe00000, 0x0000000100000000)
  eden space 382976K, 0% used [0x00000000e0000000,0x00000000e0000000,0x00000000f7600000)
  from space 11776K, 95% used [0x00000000fb280000,0x00000000fbd84e90,0x00000000fbe00000)
  to   space 36864K, 0% used [0x00000000f7600000,0x00000000f7600000,0x00000000f9a00000)
 ParOldGen       total 217088K, used 157672K [0x00000000a0000000, 0x00000000ad400000, 0x00000000e0000000)
  object space 217088K, 72% used [0x00000000a0000000,0x00000000a99fa368,0x00000000ad400000)
 Metaspace       used 126915K, capacity 135848K, committed 136192K, reserved 1167360K
  class space    used 16051K, capacity 17795K, committed 17920K, reserved 1048576K
}
Event: 9292.101 GC heap before
{Heap before GC invocations=47 (full 4):
 PSYoungGen      total 394752K, used 394259K [0x00000000e0000000, 0x00000000fbe00000, 0x0000000100000000)
  eden space 382976K, 100% used [0x00000000e0000000,0x00000000f7600000,0x00000000f7600000)
  from space 11776K, 95% used [0x00000000fb280000,0x00000000fbd84e90,0x00000000fbe00000)
  to   space 36864K, 0% used [0x00000000f7600000,0x00000000f7600000,0x00000000f9a00000)
 ParOldGen       total 217088K, used 157672K [0x00000000a0000000, 0x00000000ad400000, 0x00000000e0000000)
  object space 217088K, 72% used [0x00000000a0000000,0x00000000a99fa368,0x00000000ad400000)
 Metaspace       used 127000K, capacity 135968K, committed 136192K, reserved 1167360K
  class space    used 16056K, capacity 17803K, committed 17920K, reserved 1048576K
Event: 9292.187 GC heap after
Heap after GC invocations=47 (full 4):
 PSYoungGen      total 375296K, used 6938K [0x00000000e0000000, 0x00000000fb300000, 0x0000000100000000)
  eden space 368128K, 0% used [0x00000000e0000000,0x00000000e0000000,0x00000000f6780000)
  from space 7168K, 96% used [0x00000000f7600000,0x00000000f7cc68a0,0x00000000f7d00000)
  to   space 35840K, 0% used [0x00000000f9000000,0x00000000f9000000,0x00000000fb300000)
 ParOldGen       total 217088K, used 157680K [0x00000000a0000000, 0x00000000ad400000, 0x00000000e0000000)
  object space 217088K, 72% used [0x00000000a0000000,0x00000000a99fc368,0x00000000ad400000)
 Metaspace       used 127000K, capacity 135968K, committed 136192K, reserved 1167360K
  class space    used 16056K, capacity 17803K, committed 17920K, reserved 1048576K
}
Event: 9322.401 GC heap before
{Heap before GC invocations=48 (full 4):
 PSYoungGen      total 375296K, used 374907K [0x00000000e0000000, 0x00000000fb300000, 0x0000000100000000)
  eden space 368128K, 99% used [0x00000000e0000000,0x00000000f6758530,0x00000000f6780000)
  from space 7168K, 96% used [0x00000000f7600000,0x00000000f7cc68a0,0x00000000f7d00000)
  to   space 35840K, 0% used [0x00000000f9000000,0x00000000f9000000,0x00000000fb300000)
 ParOldGen       total 217088K, used 157680K [0x00000000a0000000, 0x00000000ad400000, 0x00000000e0000000)
  object space 217088K, 72% used [0x00000000a0000000,0x00000000a99fc368,0x00000000ad400000)
 Metaspace       used 127060K, capacity 135974K, committed 136192K, reserved 1167360K
  class space    used 16056K, capacity 17804K, committed 17920K, reserved 1048576K
Event: 9322.632 GC heap after
Heap after GC invocations=48 (full 4):
 PSYoungGen      total 367616K, used 10927K [0x00000000e0000000, 0x00000000f9d00000, 0x0000000100000000)
  eden space 354304K, 0% used [0x00000000e0000000,0x00000000e0000000,0x00000000f5a00000)
  from space 13312K, 82% used [0x00000000f9000000,0x00000000f9aabe80,0x00000000f9d00000)
  to   space 34304K, 0% used [0x00000000f5a00000,0x00000000f5a00000,0x00000000f7b80000)
 ParOldGen       total 217088K, used 157688K [0x00000000a0000000, 0x00000000ad400000, 0x00000000e0000000)
  object space 217088K, 72% used [0x00000000a0000000,0x00000000a99fe368,0x00000000ad400000)
 Metaspace       used 127060K, capacity 135974K, committed 136192K, reserved 1167360K
  class space    used 16056K, capacity 17804K, committed 17920K, reserved 1048576K
}

Deoptimization events (10 events):
Event: 5481.632 Thread 0x0000000028334800 Uncommon trap: reason=unstable_if action=reinterpret pc=0x00000000055ca7c0 method=java.lang.Integer.parseInt(Ljava/lang/String;I)I @ 122
Event: 5481.634 Thread 0x0000000028334800 Uncommon trap: reason=unstable_if action=reinterpret pc=0x00000000083a7668 method=com.android.ide.common.blame.MergingLogPersistUtil.extractSourcePosition(Ljava/util/Map;I)Lcom/android/ide/common/blame/SourcePosition; @ 141
Event: 5483.308 Thread 0x0000000028334800 Uncommon trap: reason=class_check action=maybe_recompile pc=0x0000000008411ed4 method=com.android.ide.common.res2.NodeUtils.duplicateNode(Lorg/w3c/dom/Document;Lorg/w3c/dom/Node;)Lorg/w3c/dom/Node; @ 91
Event: 5494.947 Thread 0x000000002108c000 Uncommon trap: reason=unstable_if action=reinterpret pc=0x00000000046ff70c method=java.util.concurrent.locks.LockSupport.unpark(Ljava/lang/Thread;)V @ 1
Event: 5968.309 Thread 0x000000002108c000 Uncommon trap: reason=unstable_if action=reinterpret pc=0x00000000063234d8 method=java.util.concurrent.locks.LockSupport.unpark(Ljava/lang/Thread;)V @ 1
Event: 5968.654 Thread 0x0000000021080000 Uncommon trap: reason=predicate action=maybe_recompile pc=0x0000000009119a68 method=com.android.ide.common.res2.DataFile.addItems(Ljava/lang/Iterable;)V @ 16
Event: 5971.736 Thread 0x0000000021080000 Uncommon trap: reason=class_check action=maybe_recompile pc=0x0000000008411ed4 method=com.android.ide.common.res2.NodeUtils.duplicateNode(Lorg/w3c/dom/Document;Lorg/w3c/dom/Node;)Lorg/w3c/dom/Node; @ 91
Event: 5996.010 Thread 0x000000001e5b9800 Uncommon trap: reason=array_check action=maybe_recompile pc=0x000000000831b188 method=java.util.TimSort.mergeLo(IIII)V @ 590
Event: 9295.103 Thread 0x0000000021087800 Uncommon trap: reason=unstable_if action=reinterpret pc=0x0000000008a4ded4 method=com.android.ide.common.res2.DataItem.isRemoved()Z @ 6
Event: 9298.099 Thread 0x0000000021087800 Uncommon trap: reason=class_check action=maybe_recompile pc=0x0000000008411ed4 method=com.android.ide.common.res2.NodeUtils.duplicateNode(Lorg/w3c/dom/Document;Lorg/w3c/dom/Node;)Lorg/w3c/dom/Node; @ 91

Classes redefined (0 events):
No events

Internal exceptions (10 events):
Event: 9327.256 Thread 0x000000001e5bc800 Exception <a 'sun/nio/fs/WindowsException'> (0x00000000eedec340) thrown at [D:\src\AOSP-openjdk-cygwin\jdk8u\hotspot\src\share\vm\prims\jni.cpp, line 709]
Event: 9327.261 Thread 0x000000001e5c5000 Exception <a 'sun/nio/fs/WindowsException'> (0x00000000ef85f268) thrown at [D:\src\AOSP-openjdk-cygwin\jdk8u\hotspot\src\share\vm\prims\jni.cpp, line 709]
Event: 9327.324 Thread 0x000000001e5b9800 Exception <a 'sun/nio/fs/WindowsException'> (0x00000000ef9ba308) thrown at [D:\src\AOSP-openjdk-cygwin\jdk8u\hotspot\src\share\vm\prims\jni.cpp, line 709]
Event: 9327.326 Thread 0x000000001e2e1000 Exception <a 'sun/nio/fs/WindowsException'> (0x00000000ebb1da30) thrown at [D:\src\AOSP-openjdk-cygwin\jdk8u\hotspot\src\share\vm\prims\jni.cpp, line 709]
Event: 9327.335 Thread 0x000000001e5bc800 Exception <a 'sun/nio/fs/WindowsException'> (0x00000000efcd2958) thrown at [D:\src\AOSP-openjdk-cygwin\jdk8u\hotspot\src\share\vm\prims\jni.cpp, line 709]
Event: 9327.341 Thread 0x000000001e5c5000 Exception <a 'sun/nio/fs/WindowsException'> (0x00000000efd57fc8) thrown at [D:\src\AOSP-openjdk-cygwin\jdk8u\hotspot\src\share\vm\prims\jni.cpp, line 709]
Event: 9327.841 Thread 0x000000001e5c4000 Exception <a 'sun/nio/fs/WindowsException'> (0x00000000efdd1e18) thrown at [D:\src\AOSP-openjdk-cygwin\jdk8u\hotspot\src\share\vm\prims\jni.cpp, line 709]
Event: 9327.949 Thread 0x000000001e5b9800 Exception <a 'sun/nio/fs/WindowsException'> (0x00000000f01d5f18) thrown at [D:\src\AOSP-openjdk-cygwin\jdk8u\hotspot\src\share\vm\prims\jni.cpp, line 709]
Event: 9328.148 Thread 0x000000001e5bf800 Exception <a 'sun/nio/fs/WindowsException'> (0x00000000f02604b0) thrown at [D:\src\AOSP-openjdk-cygwin\jdk8u\hotspot\src\share\vm\prims\jni.cpp, line 709]
Event: 9328.252 Thread 0x000000001e5bc800 Exception <a 'sun/nio/fs/WindowsException'> (0x00000000f09f5930) thrown at [D:\src\AOSP-openjdk-cygwin\jdk8u\hotspot\src\share\vm\prims\jni.cpp, line 709]

Events (10 events):
Event: 9328.559 Thread 0x000000002108d000 Thread added: 0x000000002108d000
Event: 9328.559 Thread 0x000000002108c000 Thread added: 0x000000002108c000
Event: 9328.690 Thread 0x000000002108c000 Thread exited: 0x000000002108c000
Event: 9328.690 Executing VM operation: RevokeBias
Event: 9328.701 Executing VM operation: RevokeBias done
Event: 9328.701 Thread 0x000000002108d000 Thread exited: 0x000000002108d000
Event: 9328.701 Thread 0x000000002a1c7000 Thread exited: 0x000000002a1c7000
Event: 9328.701 Executing VM operation: RevokeBias
Event: 9328.702 Executing VM operation: RevokeBias done
Event: 9328.702 Thread 0x000000002a1c4000 Thread exited: 0x000000002a1c4000


Dynamic libraries:
0x00007ff732ef0000 - 0x00007ff732f21000 	C:\Program Files\Android\Android Studio\jre\bin\java.exe
0x00007fff44d90000 - 0x00007fff44f70000 	C:\WINDOWS\SYSTEM32\ntdll.dll
0x00007fff44860000 - 0x00007fff4490e000 	C:\WINDOWS\System32\KERNEL32.DLL
0x00007fff41f90000 - 0x00007fff421f6000 	C:\WINDOWS\System32\KERNELBASE.dll
0x00007fff43700000 - 0x00007fff437a1000 	C:\WINDOWS\System32\ADVAPI32.dll
0x00007fff444d0000 - 0x00007fff4456d000 	C:\WINDOWS\System32\msvcrt.dll
0x00007fff44620000 - 0x00007fff4467b000 	C:\WINDOWS\System32\sechost.dll
0x00007fff44ae0000 - 0x00007fff44bff000 	C:\WINDOWS\System32\RPCRT4.dll
0x00007fff441d0000 - 0x00007fff4435f000 	C:\WINDOWS\System32\USER32.dll
0x00007fff41190000 - 0x00007fff411b0000 	C:\WINDOWS\System32\win32u.dll
0x00007fff44c00000 - 0x00007fff44c28000 	C:\WINDOWS\System32\GDI32.dll
0x00007fff41200000 - 0x00007fff41393000 	C:\WINDOWS\System32\gdi32full.dll
0x00007fff41af0000 - 0x00007fff41b8b000 	C:\WINDOWS\System32\msvcp_win.dll
0x00007fff41b90000 - 0x00007fff41c86000 	C:\WINDOWS\System32\ucrtbase.dll
0x00007fff37650000 - 0x00007fff378b9000 	C:\WINDOWS\WinSxS\amd64_microsoft.windows.common-controls_6595b64144ccf1df_6.0.16299.371_none_15c7d1789365a290\COMCTL32.dll
0x00007fff43c30000 - 0x00007fff43f38000 	C:\WINDOWS\System32\combase.dll
0x00007fff41e60000 - 0x00007fff41ed2000 	C:\WINDOWS\System32\bcryptPrimitives.dll
0x00007fff43f40000 - 0x00007fff43f6d000 	C:\WINDOWS\System32\IMM32.DLL
0x0000000073660000 - 0x0000000073732000 	C:\Program Files\Android\Android Studio\jre\jre\bin\msvcr100.dll
0x0000000070c50000 - 0x000000007148f000 	C:\Program Files\Android\Android Studio\jre\jre\bin\server\jvm.dll
0x00007fff44110000 - 0x00007fff44118000 	C:\WINDOWS\System32\PSAPI.DLL
0x00007fff37170000 - 0x00007fff37179000 	C:\WINDOWS\SYSTEM32\WSOCK32.dll
0x00007fff44c30000 - 0x00007fff44c9c000 	C:\WINDOWS\System32\WS2_32.dll
0x00007fff3d910000 - 0x00007fff3d933000 	C:\WINDOWS\SYSTEM32\WINMM.dll
0x00007fff3c5c0000 - 0x00007fff3c5ca000 	C:\WINDOWS\SYSTEM32\VERSION.dll
0x00007fff3d8b0000 - 0x00007fff3d8da000 	C:\WINDOWS\SYSTEM32\WINMMBASE.dll
0x00007fff411b0000 - 0x00007fff411fa000 	C:\WINDOWS\System32\cfgmgr32.dll
0x00007fff3d450000 - 0x00007fff3d45f000 	C:\Program Files\Android\Android Studio\jre\jre\bin\verify.dll
0x00007fff372c0000 - 0x00007fff372e9000 	C:\Program Files\Android\Android Studio\jre\jre\bin\java.dll
0x00007fff36930000 - 0x00007fff36946000 	C:\Program Files\Android\Android Studio\jre\jre\bin\zip.dll
0x00007fff422c0000 - 0x00007fff436f6000 	C:\WINDOWS\System32\SHELL32.dll
0x00007fff44120000 - 0x00007fff441c6000 	C:\WINDOWS\System32\shcore.dll
0x00007fff413a0000 - 0x00007fff41ae7000 	C:\WINDOWS\System32\windows.storage.dll
0x00007fff44d00000 - 0x00007fff44d51000 	C:\WINDOWS\System32\shlwapi.dll
0x00007fff41150000 - 0x00007fff41161000 	C:\WINDOWS\System32\kernel.appcore.dll
0x00007fff41100000 - 0x00007fff4114c000 	C:\WINDOWS\System32\powrprof.dll
0x00007fff410e0000 - 0x00007fff410fb000 	C:\WINDOWS\System32\profapi.dll
0x00007fff35110000 - 0x00007fff3512a000 	C:\Program Files\Android\Android Studio\jre\jre\bin\net.dll
0x00007fff40970000 - 0x00007fff409d6000 	C:\WINDOWS\system32\mswsock.dll
0x00007fff35050000 - 0x00007fff35061000 	C:\Program Files\Android\Android Studio\jre\jre\bin\nio.dll
0x00007fff20240000 - 0x00007fff2025e000 	C:\Users\Ammar Hasan\.gradle\native\25\windows-amd64\native-platform.dll
0x00007fff37300000 - 0x00007fff3730d000 	C:\Program Files\Android\Android Studio\jre\jre\bin\management.dll
0x00007fff40b30000 - 0x00007fff40b47000 	C:\WINDOWS\SYSTEM32\CRYPTSP.dll
0x00007fff40570000 - 0x00007fff405a3000 	C:\WINDOWS\system32\rsaenh.dll
0x00007fff40c40000 - 0x00007fff40c65000 	C:\WINDOWS\SYSTEM32\bcrypt.dll
0x00007fff40fe0000 - 0x00007fff41009000 	C:\WINDOWS\SYSTEM32\USERENV.dll
0x00007fff40b50000 - 0x00007fff40b5b000 	C:\WINDOWS\SYSTEM32\CRYPTBASE.dll
0x00007fff40700000 - 0x00007fff40739000 	C:\WINDOWS\SYSTEM32\IPHLPAPI.DLL
0x00007fff44610000 - 0x00007fff44618000 	C:\WINDOWS\System32\NSI.dll
0x00007fff3c580000 - 0x00007fff3c596000 	C:\WINDOWS\SYSTEM32\dhcpcsvc6.DLL
0x00007fff3c6a0000 - 0x00007fff3c6ba000 	C:\WINDOWS\SYSTEM32\dhcpcsvc.DLL
0x00007fff1ff80000 - 0x00007fff20116000 	C:\Program Files\Android\Android Studio\jre\jre\bin\awt.dll
0x00007fff44790000 - 0x00007fff44855000 	C:\WINDOWS\System32\OLEAUT32.dll
0x00007fff3e700000 - 0x00007fff3ecb8000 	C:\WINDOWS\SYSTEM32\d2d1.dll
0x00007fff41c90000 - 0x00007fff41e5e000 	C:\WINDOWS\System32\CRYPT32.dll
0x00007fff41170000 - 0x00007fff41182000 	C:\WINDOWS\System32\MSASN1.dll
0x00007fff3f2d0000 - 0x00007fff3f358000 	C:\WINDOWS\SYSTEM32\apphelp.dll
0x00007fff3f6c0000 - 0x00007fff3f6ea000 	C:\WINDOWS\system32\DWMAPI.DLL
0x00007fff3f400000 - 0x00007fff3f495000 	C:\WINDOWS\system32\uxtheme.dll
0x00007fff40210000 - 0x00007fff40241000 	C:\WINDOWS\SYSTEM32\ntmarta.dll

VM Arguments:
jvm_args: -Xmx1536m -Dfile.encoding=windows-1252 -Duser.country=GB -Duser.language=en -Duser.variant 
java_command: org.gradle.launcher.daemon.bootstrap.GradleDaemon 4.4
java_class_path (initial): C:\Users\Ammar Hasan\.gradle\wrapper\dists\gradle-4.4-all\9br9xq1tocpiv8o6njlyu5op1\gradle-4.4\lib\gradle-launcher-4.4.jar
Launcher Type: SUN_STANDARD

Environment Variables:
PATH=C:\ProgramData\Oracle\Java\javapath;C:\Program Files (x86)\ActiveState Komodo Edit 11\;C:\Program Files (x86)\Intel\iCLS Client\;C:\Program Files\Intel\iCLS Client\;C:\windows\system32;C:\windows;C:\windows\System32\Wbem;C:\windows\System32\WindowsPowerShell\v1.0\;C:\Program Files\PuTTY\;C:\Program Files (x86)\Intel\Intel(R) Management Engine Components\DAL;C:\Program Files\Intel\Intel(R) Management Engine Components\DAL;C:\Program Files (x86)\Intel\Intel(R) Management Engine Components\IPT;C:\Program Files\Intel\Intel(R) Management Engine Components\IPT;C:\WINDOWS\system32;C:\WINDOWS;C:\WINDOWS\System32\Wbem;C:\WINDOWS\System32\WindowsPowerShell\v1.0\;C:\Program Files (x86)\NVIDIA Corporation\PhysX\Common;C:\Program Files\Microsoft SQL Server\130\Tools\Binn\;C:\Program Files\Git\cmd;C:\xampp\php;C:\composer;C:\Program Files (x86)\GtkSharp\2.12\bin;C:\Users\Ammar Hasan\AppData\Local\Microsoft\WindowsApps;C:\Users\Ammar Hasan\AppData\Roaming\Composer\vendor\bin;C:\Users\Ammar Hasan\AppData\Local\GitHubDesktop\bin;%USERPROFILE%\AppData\Local\Microsoft\WindowsApps;
USERNAME=Ammar Hasan
OS=Windows_NT
PROCESSOR_IDENTIFIER=Intel64 Family 6 Model 158 Stepping 9, GenuineIntel



---------------  S Y S T E M  ---------------

OS: Windows 10.0 , 64 bit Build 16299 (10.0.16299.15)

CPU:total 8 (initial active 8) (4 cores per cpu, 2 threads per core) family 6 model 158 stepping 9, cmov, cx8, fxsr, mmx, sse, sse2, sse3, ssse3, sse4.1, sse4.2, popcnt, avx, avx2, aes, clmul, erms, 3dnowpref, lzcnt, ht, tsc, tscinvbit, bmi1, bmi2, adx

Memory: 4k page, physical 8230584k(697932k free), swap 17451624k(2252k free)

vm_info: OpenJDK 64-Bit Server VM (25.152-b02) for windows-amd64 JRE (1.8.0_152-release-1024-b02), built by "builder" with MS VC++ 10.0 (VS2010)

time: Mon Apr 16 17:35:24 2018
elapsed time: 9328 seconds (0d 2h 35m 28s)

